Построение начато 17.05.2023 18:48:39.
     1>Проект "c:\Users\mydad\OneDrive\документы\visual studio 2010\Projects\LAB5\LAB5\LAB5.vcxproj" в узле 2 (целевые объекты build).
     1>InitializeBuildStatus:
         Обращение к "Debug\LAB5.unsuccessfulbuild".
       ClCompile:
         Для всех выходных данных обновления не требуется.
         d:\Program\VS 2010\VC\bin\CL.exe /c /ZI /nologo /W3 /WX- /Od /Oy- /D WIN32 /D _DEBUG /D _CONSOLE /D _UNICODE /D UNICODE /Gm /EHsc /RTC1 /MDd /GS /fp:precise /Zc:wchar_t /Zc:forScope /Yu"StdAfx.h" /Fp"Debug\LAB5.pch" /Fo"Debug\\" /Fd"Debug\vc100.pdb" /Gd /TP /analyze- /errorReport:prompt LAB5.cpp
         LAB5.cpp
       ManifestResourceCompile:
         C:\Program Files (x86)\Microsoft SDKs\Windows\v7.0A\bin\rc.exe /nologo /fo"Debug\LAB5.exe.embed.manifest.res" Debug\LAB5_manifest.rc 
       Link:
         d:\Program\VS 2010\VC\bin\link.exe /ERRORREPORT:PROMPT /OUT:"c:\users\mydad\onedrive\документы\visual studio 2010\Projects\LAB5\Debug\LAB5.exe" /INCREMENTAL /NOLOGO kernel32.lib user32.lib gdi32.lib winspool.lib comdlg32.lib advapi32.lib shell32.lib ole32.lib oleaut32.lib uuid.lib odbc32.lib odbccp32.lib /MANIFEST /ManifestFile:"Debug\LAB5.exe.intermediate.manifest" /MANIFESTUAC:"level='asInvoker' uiAccess='false'" /DEBUG /PDB:"c:\users\mydad\onedrive\документы\visual studio 2010\Projects\LAB5\Debug\LAB5.pdb" /SUBSYSTEM:CONSOLE /TLBID:1 /DYNAMICBASE /NXCOMPAT /IMPLIB:"c:\users\mydad\onedrive\документы\visual studio 2010\Projects\LAB5\Debug\LAB5.lib" /MACHINE:X86 Debug\LAB5.exe.embed.manifest.res
         Debug\LAB5.obj
         Debug\stdafx.obj
       Manifest:
         C:\Program Files (x86)\Microsoft SDKs\Windows\v7.0A\bin\mt.exe /nologo /verbose /out:"Debug\LAB5.exe.embed.manifest" /manifest Debug\LAB5.exe.intermediate.manifest
         C:\Program Files (x86)\Microsoft SDKs\Windows\v7.0A\bin\rc.exe /nologo /fo"Debug\LAB5.exe.embed.manifest.res" Debug\LAB5_manifest.rc 
       LinkEmbedManifest:
         d:\Program\VS 2010\VC\bin\link.exe /ERRORREPORT:PROMPT /OUT:"c:\users\mydad\onedrive\документы\visual studio 2010\Projects\LAB5\Debug\LAB5.exe" /INCREMENTAL /NOLOGO kernel32.lib user32.lib gdi32.lib winspool.lib comdlg32.lib advapi32.lib shell32.lib ole32.lib oleaut32.lib uuid.lib odbc32.lib odbccp32.lib /MANIFEST /ManifestFile:"Debug\LAB5.exe.intermediate.manifest" /MANIFESTUAC:"level='asInvoker' uiAccess='false'" /DEBUG /PDB:"c:\users\mydad\onedrive\документы\visual studio 2010\Projects\LAB5\Debug\LAB5.pdb" /SUBSYSTEM:CONSOLE /TLBID:1 /DYNAMICBASE /NXCOMPAT /IMPLIB:"c:\users\mydad\onedrive\документы\visual studio 2010\Projects\LAB5\Debug\LAB5.lib" /MACHINE:X86 Debug\LAB5.exe.embed.manifest.res
         Debug\LAB5.obj
         Debug\stdafx.obj
         LAB5.vcxproj -> c:\users\mydad\onedrive\документы\visual studio 2010\Projects\LAB5\Debug\LAB5.exe
       FinalizeBuildStatus:
         Файл "Debug\LAB5.unsuccessfulbuild" удаляется.
         Обращение к "Debug\LAB5.lastbuildstate".
     1>Построение проекта "c:\Users\mydad\OneDrive\документы\visual studio 2010\Projects\LAB5\LAB5\LAB5.vcxproj" завершено (целевые объекты build).

Построение успешно завершено.

Затраченное время: 00:00:00.92
